<?xml version="1.0" ?>
<e:events xmlns="https://schemas.opentest4j.org/reporting/core/0.1.0" xmlns:e="https://schemas.opentest4j.org/reporting/events/0.1.0" xmlns:java="https://schemas.opentest4j.org/reporting/java/0.1.0" xmlns:junit="https://schemas.junit.org/open-test-reporting" xmlns:xsi="http://www.w3.org/2001/XMLSchema-instance" xsi:schemaLocation="https://schemas.junit.org/open-test-reporting https://junit.org/junit5/schemas/open-test-reporting/junit-1.9.xsd">
<infrastructure><hostName>DESKTOP-MPRRPEK</hostName><userName>qleap</userName><operatingSystem>Windows 10</operatingSystem><cpuCores>4</cpuCores><java:javaVersion>21</java:javaVersion><java:fileEncoding>UTF-8</java:fileEncoding><java:heapSize max="2059403264"></java:heapSize></infrastructure>
<e:started id="1" name="JUnit Jupiter" time="2024-02-06T10:59:11.623467200Z"><metadata><junit:uniqueId>[engine:junit-jupiter]</junit:uniqueId><junit:legacyReportingName>JUnit Jupiter</junit:legacyReportingName><junit:type>CONTAINER</junit:type></metadata></e:started>
<e:started id="2" name="TestLogin" parentId="1" time="2024-02-06T10:59:11.685303600Z"><metadata><junit:uniqueId>[engine:junit-jupiter]/[class:example.tests.login.TestLogin]</junit:uniqueId><junit:legacyReportingName>example.tests.login.TestLogin</junit:legacyReportingName><junit:type>CONTAINER</junit:type></metadata><sources><java:classSource className="example.tests.login.TestLogin"></java:classSource></sources></e:started>
<e:started id="3" name="Test Wikipedia Fail" parentId="2" time="2024-02-06T10:59:18.148768500Z"><metadata><junit:uniqueId>[engine:junit-jupiter]/[class:example.tests.login.TestLogin]/[method:shouldSearchWikiFail()]</junit:uniqueId><junit:legacyReportingName>shouldSearchWikiFail()</junit:legacyReportingName><junit:type>TEST</junit:type></metadata><sources><java:methodSource className="example.tests.login.TestLogin" methodName="shouldSearchWikiFail" methodParameterTypes=""></java:methodSource></sources></e:started>
<e:finished id="3" time="2024-02-06T10:59:22.601962500Z"><result status="FAILED"><java:throwable assertionError="true" type="org.opentest4j.AssertionFailedError"><![CDATA[org.opentest4j.AssertionFailedError: expected: <https://en.wikipedia.org/wiki/NotPlaywright> but was: <https://en.wikipedia.org/wiki/Playwright>
	at org.junit.jupiter.api.AssertionFailureBuilder.build(AssertionFailureBuilder.java:151)
	at org.junit.jupiter.api.AssertionFailureBuilder.buildAndThrow(AssertionFailureBuilder.java:132)
	at org.junit.jupiter.api.AssertEquals.failNotEqual(AssertEquals.java:197)
	at org.junit.jupiter.api.AssertEquals.assertEquals(AssertEquals.java:182)
	at org.junit.jupiter.api.AssertEquals.assertEquals(AssertEquals.java:177)
	at org.junit.jupiter.api.Assertions.assertEquals(Assertions.java:1145)
	at example.tests.login.TestLogin.shouldSearchWikiFail(TestLogin.java:59)
	at java.base/java.lang.reflect.Method.invoke(Method.java:580)
	at java.base/java.util.ArrayList.forEach(ArrayList.java:1596)
	at java.base/java.util.ArrayList.forEach(ArrayList.java:1596)
]]></java:throwable></result></e:finished>
<e:started id="4" name="Test Wikipedia" parentId="2" time="2024-02-06T10:59:22.609942100Z"><metadata><junit:uniqueId>[engine:junit-jupiter]/[class:example.tests.login.TestLogin]/[method:shouldSearchWiki()]</junit:uniqueId><junit:legacyReportingName>shouldSearchWiki()</junit:legacyReportingName><junit:type>TEST</junit:type></metadata><sources><java:methodSource className="example.tests.login.TestLogin" methodName="shouldSearchWiki" methodParameterTypes=""></java:methodSource></sources></e:started>
<e:finished id="4" time="2024-02-06T10:59:23.826534200Z"><result status="SUCCESSFUL"></result></e:finished>
<e:finished id="2" time="2024-02-06T10:59:24.466320500Z"><result status="SUCCESSFUL"></result></e:finished>
<e:started id="5" name="TestSearch" parentId="1" time="2024-02-06T10:59:24.472304700Z"><metadata><junit:uniqueId>[engine:junit-jupiter]/[class:example.tests.search.TestSearch]</junit:uniqueId><junit:legacyReportingName>example.tests.search.TestSearch</junit:legacyReportingName><junit:type>CONTAINER</junit:type></metadata><sources><java:classSource className="example.tests.search.TestSearch"></java:classSource></sources></e:started>
<e:started id="6" name="Test Wikipedia Fail2" parentId="5" time="2024-02-06T10:59:25.688499900Z"><metadata><junit:uniqueId>[engine:junit-jupiter]/[class:example.tests.search.TestSearch]/[method:shouldSearchWikiFail2()]</junit:uniqueId><junit:legacyReportingName>shouldSearchWikiFail2()</junit:legacyReportingName><junit:type>TEST</junit:type></metadata><sources><java:methodSource className="example.tests.search.TestSearch" methodName="shouldSearchWikiFail2" methodParameterTypes=""></java:methodSource></sources></e:started>
<e:finished id="6" time="2024-02-06T10:59:27.602859700Z"><result status="FAILED"><java:throwable assertionError="true" type="org.opentest4j.AssertionFailedError"><![CDATA[org.opentest4j.AssertionFailedError: expected: <https://en.wikipedia.org/wiki/NotPlaywright> but was: <https://en.wikipedia.org/wiki/Playwright>
	at org.junit.jupiter.api.AssertionFailureBuilder.build(AssertionFailureBuilder.java:151)
	at org.junit.jupiter.api.AssertionFailureBuilder.buildAndThrow(AssertionFailureBuilder.java:132)
	at org.junit.jupiter.api.AssertEquals.failNotEqual(AssertEquals.java:197)
	at org.junit.jupiter.api.AssertEquals.assertEquals(AssertEquals.java:182)
	at org.junit.jupiter.api.AssertEquals.assertEquals(AssertEquals.java:177)
	at org.junit.jupiter.api.Assertions.assertEquals(Assertions.java:1145)
	at example.tests.search.TestSearch.shouldSearchWikiFail2(TestSearch.java:58)
	at java.base/java.lang.reflect.Method.invoke(Method.java:580)
	at java.base/java.util.ArrayList.forEach(ArrayList.java:1596)
	at java.base/java.util.ArrayList.forEach(ArrayList.java:1596)
]]></java:throwable></result></e:finished>
<e:started id="7" name="Test Wikipedia2" parentId="5" time="2024-02-06T10:59:27.604853600Z"><metadata><junit:uniqueId>[engine:junit-jupiter]/[class:example.tests.search.TestSearch]/[method:shouldSearchWiki2()]</junit:uniqueId><junit:legacyReportingName>shouldSearchWiki2()</junit:legacyReportingName><junit:type>TEST</junit:type></metadata><sources><java:methodSource className="example.tests.search.TestSearch" methodName="shouldSearchWiki2" methodParameterTypes=""></java:methodSource></sources></e:started>
<e:finished id="7" time="2024-02-06T10:59:28.762313100Z"><result status="SUCCESSFUL"></result></e:finished>
<e:finished id="5" time="2024-02-06T10:59:28.969774300Z"><result status="SUCCESSFUL"></result></e:finished>
<e:finished id="1" time="2024-02-06T10:59:28.979748500Z"><result status="SUCCESSFUL"></result></e:finished>
</e:events>